0 info it worked if it ends with ok
1 verbose cli [ '/usr/local/bin/node',
1 verbose cli   '/usr/local/bin/npm',
1 verbose cli   'install',
1 verbose cli   'ng-modal',
1 verbose cli   '--save' ]
2 info using npm@2.14.4
3 info using node@v4.1.1
4 verbose install initial load of /Users/Steve/Desktop/MEAN App/package.json
5 warn package.json MEAN_App@0.0.1 No description
6 warn package.json MEAN_App@0.0.1 No repository field.
7 warn package.json MEAN_App@0.0.1 No README data
8 warn package.json MEAN_App@0.0.1 No license field.
9 verbose installManyTop reading scoped package data from /Users/Steve/Desktop/MEAN App/node_modules/body-parser/package.json
10 verbose installManyTop reading scoped package data from /Users/Steve/Desktop/MEAN App/node_modules/express/package.json
11 verbose installManyTop reading scoped package data from /Users/Steve/Desktop/MEAN App/node_modules/mongoose/package.json
12 verbose readDependencies loading dependencies from /Users/Steve/Desktop/MEAN App/package.json
13 silly cache add args [ 'ng-modal', null ]
14 verbose cache add spec ng-modal
15 silly cache add parsed spec Result {
15 silly cache add   raw: 'ng-modal',
15 silly cache add   scope: null,
15 silly cache add   name: 'ng-modal',
15 silly cache add   rawSpec: '',
15 silly cache add   spec: '*',
15 silly cache add   type: 'range' }
16 silly addNamed ng-modal@*
17 verbose addNamed "*" is a valid semver range for ng-modal
18 silly addNameRange { name: 'ng-modal', range: '*', hasData: false }
19 silly mapToRegistry name ng-modal
20 silly mapToRegistry using default registry
21 silly mapToRegistry registry https://registry.npmjs.org/
22 silly mapToRegistry uri https://registry.npmjs.org/ng-modal
23 verbose addNameRange registry:https://registry.npmjs.org/ng-modal not in flight; fetching
24 verbose request uri https://registry.npmjs.org/ng-modal
25 verbose request no auth needed
26 info attempt registry request try #1 at 12:15:44 AM
27 verbose request id da8449d3cbd7f3fe
28 verbose etag "J3KWYYJB5GW6FS5Q4Q0W6C9P"
29 http request GET https://registry.npmjs.org/ng-modal
30 http 304 https://registry.npmjs.org/ng-modal
31 silly get cb [ 304,
31 silly get   { date: 'Sun, 31 Jan 2016 08:15:44 GMT',
31 silly get     via: '1.1 varnish',
31 silly get     'cache-control': 'max-age=300',
31 silly get     etag: '"J3KWYYJB5GW6FS5Q4Q0W6C9P"',
31 silly get     age: '0',
31 silly get     connection: 'keep-alive',
31 silly get     'x-served-by': 'cache-sjc3135-SJC',
31 silly get     'x-cache': 'MISS',
31 silly get     'x-cache-hits': '0',
31 silly get     'x-timer': 'S1454228144.739548,VS0,VE37',
31 silly get     vary: 'Accept' } ]
32 verbose etag https://registry.npmjs.org/ng-modal from cache
33 verbose get saving ng-modal to /Users/Steve/.npm/registry.npmjs.org/ng-modal/.cache.json
34 silly addNameRange number 2 { name: 'ng-modal', range: '*', hasData: true }
35 silly addNameRange versions [ 'ng-modal', [ '0.0.0' ] ]
36 silly addNamed ng-modal@0.0.0
37 verbose addNamed "0.0.0" is a plain semver version for ng-modal
38 silly cache afterAdd ng-modal@0.0.0
39 verbose afterAdd /Users/Steve/.npm/ng-modal/0.0.0/package/package.json not in flight; writing
40 verbose afterAdd /Users/Steve/.npm/ng-modal/0.0.0/package/package.json written
41 silly install resolved [ { name: 'ng-modal',
41 silly install resolved     version: '0.0.0',
41 silly install resolved     description: 'Modals, the Angular way.',
41 silly install resolved     main: 'index.js',
41 silly install resolved     scripts:
41 silly install resolved      { postinstall: 'bower i',
41 silly install resolved        test: 'npm i && gulp',
41 silly install resolved        mock: 'gulp mock',
41 silly install resolved        prepublish: 'gulp build; git add -f ./index.js ./index.min.js; git commit --amend --no-edit; git push -f origin master' },
41 silly install resolved     repository: { type: 'git', url: 'git://github.com/zzmp/modal.git' },
41 silly install resolved     keywords: [ 'angular', 'ng', 'modal' ],
41 silly install resolved     author:
41 silly install resolved      { name: 'Zach Pomerantz',
41 silly install resolved        email: 'zmp@umich.edu',
41 silly install resolved        url: 'http://garabagne.io/' },
41 silly install resolved     license: 'MIT',
41 silly install resolved     bugs: { url: 'https://github.com/zzmp/modal/issues' },
41 silly install resolved     homepage: 'https://github.com/zzmp/modal',
41 silly install resolved     devDependencies:
41 silly install resolved      { bower: '^1.3.9',
41 silly install resolved        express: '^4.8.5',
41 silly install resolved        gulp: '^3.8.7',
41 silly install resolved        'gulp-concat': '^2.3.4',
41 silly install resolved        'gulp-jshint': '^1.8.4',
41 silly install resolved        'gulp-mocha': '^0.5.2',
41 silly install resolved        'gulp-ng-annotate': '^0.3.0',
41 silly install resolved        'gulp-notify': '^1.4.2',
41 silly install resolved        'gulp-uglify': '^0.3.1',
41 silly install resolved        'jshint-stylish': '^0.4.0',
41 silly install resolved        open: '0.0.5',
41 silly install resolved        'run-sequence': '^0.3.6',
41 silly install resolved        shelljs: '^0.3.0' },
41 silly install resolved     gitHead: 'cbafa292b96d9b6d6ec37eee090d8d22139bc7e2',
41 silly install resolved     _id: 'ng-modal@0.0.0',
41 silly install resolved     _shasum: '974eaadd467ebfc3b55bc7f97f741b7b006ca3c1',
41 silly install resolved     _from: 'ng-modal@*',
41 silly install resolved     _npmVersion: '2.0.0-alpha-5',
41 silly install resolved     _npmUser: { name: 'zzmp', email: 'zmp@umich.edu' },
41 silly install resolved     maintainers: [ [Object] ],
41 silly install resolved     dist:
41 silly install resolved      { shasum: '974eaadd467ebfc3b55bc7f97f741b7b006ca3c1',
41 silly install resolved        tarball: 'http://registry.npmjs.org/ng-modal/-/ng-modal-0.0.0.tgz' },
41 silly install resolved     directories: {},
41 silly install resolved     _resolved: 'https://registry.npmjs.org/ng-modal/-/ng-modal-0.0.0.tgz',
41 silly install resolved     readme: 'ERROR: No README data found!' } ]
42 info install ng-modal@0.0.0 into /Users/Steve/Desktop/MEAN App
43 info installOne ng-modal@0.0.0
44 verbose installOne of ng-modal to /Users/Steve/Desktop/MEAN App not in flight; installing
45 verbose lock using /Users/Steve/.npm/_locks/ng-modal-e94f7f4f3de06534.lock for /Users/Steve/Desktop/MEAN App/node_modules/ng-modal
46 silly install write writing ng-modal 0.0.0 to /Users/Steve/Desktop/MEAN App/node_modules/ng-modal
47 verbose unbuild node_modules/ng-modal
48 silly gentlyRm /Users/Steve/Desktop/MEAN App/node_modules/ng-modal is being purged from base /Users/Steve/Desktop/MEAN App
49 verbose gentlyRm don't care about contents; nuking /Users/Steve/Desktop/MEAN App/node_modules/ng-modal
50 verbose tar unpack /Users/Steve/.npm/ng-modal/0.0.0/package.tgz
51 verbose tar unpacking to /Users/Steve/Desktop/MEAN App/node_modules/ng-modal
52 silly gentlyRm /Users/Steve/Desktop/MEAN App/node_modules/ng-modal is being purged
53 verbose gentlyRm don't care about contents; nuking /Users/Steve/Desktop/MEAN App/node_modules/ng-modal
54 silly gunzTarPerm modes [ '755', '644' ]
55 silly gunzTarPerm extractEntry package.json
56 silly gunzTarPerm extractEntry .npmignore
57 silly gunzTarPerm extractEntry README.md
58 silly gunzTarPerm extractEntry LICENSE
59 silly gunzTarPerm extractEntry Gulpfile.js
60 silly gunzTarPerm extractEntry build/postamble.js
61 silly gunzTarPerm extractEntry build/preamble.js
62 silly gunzTarPerm extractEntry .bowerrc
63 silly gunzTarPerm extractEntry modal.css
64 silly gunzTarPerm extractEntry src/modal.dir.js
65 silly gunzTarPerm extractEntry src/modal.js
66 silly gunzTarPerm extractEntry src/modal.svc.js
67 silly gunzTarPerm extractEntry bower.json
68 silly gunzTarPerm extractEntry tests/index.html
69 verbose write writing to /Users/Steve/Desktop/MEAN App/node_modules/ng-modal/package.json
70 info preinstall ng-modal@0.0.0
71 verbose readDependencies loading dependencies from /Users/Steve/Desktop/MEAN App/node_modules/ng-modal/package.json
72 verbose readDependencies loading dependencies from /Users/Steve/Desktop/MEAN App/node_modules/ng-modal/package.json
73 silly install resolved []
74 verbose about to build /Users/Steve/Desktop/MEAN App/node_modules/ng-modal
75 info build /Users/Steve/Desktop/MEAN App/node_modules/ng-modal
76 info linkStuff ng-modal@0.0.0
77 silly linkStuff ng-modal@0.0.0 has /Users/Steve/Desktop/MEAN App/node_modules as its parent node_modules
78 verbose linkBins ng-modal@0.0.0
79 verbose linkMans ng-modal@0.0.0
80 verbose rebuildBundles ng-modal@0.0.0
81 info install ng-modal@0.0.0
82 info postinstall ng-modal@0.0.0
83 verbose unsafe-perm in lifecycle true
84 info ng-modal@0.0.0 Failed to exec postinstall script
85 verbose unlock done using /Users/Steve/.npm/_locks/ng-modal-e94f7f4f3de06534.lock for /Users/Steve/Desktop/MEAN App/node_modules/ng-modal
86 verbose stack Error: ng-modal@0.0.0 postinstall: `bower i`
86 verbose stack spawn ENOENT
86 verbose stack     at ChildProcess.<anonymous> (/usr/local/lib/node_modules/npm/lib/utils/spawn.js:17:16)
86 verbose stack     at emitTwo (events.js:87:13)
86 verbose stack     at ChildProcess.emit (events.js:172:7)
86 verbose stack     at maybeClose (internal/child_process.js:817:16)
86 verbose stack     at Process.ChildProcess._handle.onexit (internal/child_process.js:211:5)
87 verbose pkgid ng-modal@0.0.0
88 verbose cwd /Users/Steve/Desktop/MEAN App
89 error Darwin 15.3.0
90 error argv "/usr/local/bin/node" "/usr/local/bin/npm" "install" "ng-modal" "--save"
91 error node v4.1.1
92 error npm  v2.14.4
93 error file sh
94 error code ELIFECYCLE
95 error errno ENOENT
96 error syscall spawn
97 error ng-modal@0.0.0 postinstall: `bower i`
97 error spawn ENOENT
98 error Failed at the ng-modal@0.0.0 postinstall script 'bower i'.
98 error This is most likely a problem with the ng-modal package,
98 error not with npm itself.
98 error Tell the author that this fails on your system:
98 error     bower i
98 error You can get their info via:
98 error     npm owner ls ng-modal
98 error There is likely additional logging output above.
99 verbose exit [ 1, true ]
100 verbose unbuild node_modules/ng-modal
101 info preuninstall ng-modal@0.0.0
102 info uninstall ng-modal@0.0.0
103 verbose unbuild rmStuff ng-modal@0.0.0 from /Users/Steve/Desktop/MEAN App/node_modules
104 info postuninstall ng-modal@0.0.0
105 silly gentlyRm /Users/Steve/Desktop/MEAN App/node_modules/ng-modal is being purged from base /Users/Steve/Desktop/MEAN App
106 verbose gentlyRm don't care about contents; nuking /Users/Steve/Desktop/MEAN App/node_modules/ng-modal
107 silly vacuum-fs purging /Users/Steve/Desktop/MEAN App/node_modules/ng-modal
108 silly vacuum-fs quitting because other entries in /Users/Steve/Desktop/MEAN App/node_modules
